-------------------------------------------------------------------------------
http://releases.mozilla.org/pub/mozilla.org/addons/1865/adblock_plus-0.7.5.1-fx+tb+sm+fl.xpi  --  2007-06-29 11:04:38
-------------------------------------------------------------------------------


     Install completed successfully  --  2007-06-29 11:04:38

-------------------------------------------------------------------------------
https://addons.mozilla.org/en-US/firefox/downloads/file/16415/adblock_filterset.g_updater-0.3.1.0-fx+mz+ns+fl.xpi  --  2007-06-29 11:04:47
-------------------------------------------------------------------------------


     Install completed successfully  --  2007-06-29 11:04:48

-------------------------------------------------------------------------------
https://blueimp.net/mozilla/xpi/autofill_forms-0.6.1.1-fx.xpi  --  2007-06-29 11:05:34
-------------------------------------------------------------------------------


     Install completed successfully  --  2007-06-29 11:05:34

-------------------------------------------------------------------------------
http://varun21.googlepages.com/cutemenus2.xpi  --  2007-06-29 11:07:03
-------------------------------------------------------------------------------


     Install completed successfully  --  2007-06-29 11:07:04

-------------------------------------------------------------------------------
http://varun21.googlepages.com/colorfultabs.xpi  --  2007-06-29 11:07:04
-------------------------------------------------------------------------------


     Install completed successfully  --  2007-06-29 11:07:04

-------------------------------------------------------------------------------
http://ftp.scarlet.be/pub/mozdev/console2/console2-0.3.7.xpi  --  2007-06-29 11:07:27
-------------------------------------------------------------------------------


     Install completed successfully  --  2007-06-29 11:07:27

-------------------------------------------------------------------------------
http://extensions.roachfiend.com/bugmenot.xpi  --  2007-06-29 11:10:35
-------------------------------------------------------------------------------


     Install completed successfully  --  2007-06-29 11:10:35

-------------------------------------------------------------------------------
https://blueimp.net/mozilla/xpi/secure_login-0.8.1.2-fx.xpi  --  2007-06-29 11:11:21
-------------------------------------------------------------------------------


     Install completed successfully  --  2007-06-29 11:11:21

-------------------------------------------------------------------------------
https://addons.mozilla.org/en-US/firefox/downloads/file/14110/woot_watcher-0.5-firefox.xpi  --  2007-06-29 11:14:04
-------------------------------------------------------------------------------


     Install completed successfully  --  2007-06-29 11:14:04

-------------------------------------------------------------------------------
http://downloads.chrispederick.com/work/web-developer/web-developer.xpi  --  2007-06-29 11:14:18
-------------------------------------------------------------------------------


     Install completed successfully  --  2007-06-29 11:14:18

-------------------------------------------------------------------------------
http://downloads.chrispederick.com/work/user-agent-switcher/user-agent-switcher.xpi  --  2007-06-29 11:14:33
-------------------------------------------------------------------------------


     Install completed successfully  --  2007-06-29 11:14:33

-------------------------------------------------------------------------------
http://www.longfocus.com/firefox/updatenotifier/releases/updatenotifier0153.xpi  --  2007-06-29 11:14:45
-------------------------------------------------------------------------------


     Install completed successfully  --  2007-06-29 11:14:45

-------------------------------------------------------------------------------
https://addons.mozilla.org/en-US/firefox/downloads/file/16566/tab_mix_plus-0.3.6-fx.xpi  --  2007-06-29 11:15:11
-------------------------------------------------------------------------------


     Install completed successfully  --  2007-06-29 11:15:12

-------------------------------------------------------------------------------
https://addons.mozilla.org/en-US/firefox/downloads/file/16877/stylish-0.5.2-fx+tb+sm+fl.xpi  --  2007-06-29 11:15:20
-------------------------------------------------------------------------------


     Install completed successfully  --  2007-06-29 11:15:20

-------------------------------------------------------------------------------
http://arantius.com/misc/firefox-extensions/mine/resurrect-1.0.8.xpi  --  2007-06-29 11:16:01
-------------------------------------------------------------------------------


     Install completed successfully  --  2007-06-29 11:16:01

-------------------------------------------------------------------------------
https://addons.mozilla.org/en-US/firefox/downloads/file/2087/mr_tech_local_install-5.3.2.3-fx+fl+mz+ns+nv+zm+sb+tb.xpi  --  2007-06-29 11:16:31
-------------------------------------------------------------------------------


     Install completed successfully  --  2007-06-29 11:16:32

-------------------------------------------------------------------------------
https://addons.mozilla.org/en-US/firefox/downloads/file/15615/locationbar__-0.9.1-fx.xpi  --  2007-06-29 11:16:51
-------------------------------------------------------------------------------


     Install completed successfully  --  2007-06-29 11:16:51

-------------------------------------------------------------------------------
http://youngpup.net/z_dropbox/greasemonkey-0.7.20070523.0.xpi  --  2007-06-29 11:17:23
-------------------------------------------------------------------------------


     Install completed successfully  --  2007-06-29 11:17:23

-------------------------------------------------------------------------------
https://addons.mozilla.org/en-US/firefox/downloads/file/15397/firefox_extension_backup_extension__febe_-4.0.5.0.0.0-fx-linux.xpi  --  2007-06-29 11:17:36
-------------------------------------------------------------------------------


     Install completed successfully  --  2007-06-29 11:17:36

-------------------------------------------------------------------------------
https://addons.mozilla.org/en-US/firefox/downloads/file/10351/compact_library_extension_organizer_cleo_-2.0-fx-linux.xpi  --  2007-06-29 11:17:53
-------------------------------------------------------------------------------


     Install completed successfully  --  2007-06-29 11:17:53

-------------------------------------------------------------------------------
http://www.archive.hk/mozdev/fasterfox/fasterfox-2.0.0-fx.xpi  --  2007-06-29 11:18:08
-------------------------------------------------------------------------------


     Install completed successfully  --  2007-06-29 11:18:09

-------------------------------------------------------------------------------
http://downloads.mozdev.org/downloadstatusbar/downbar/downbar.xpi  --  2007-06-29 11:18:20
-------------------------------------------------------------------------------


     Install completed successfully  --  2007-06-29 11:18:21

-------------------------------------------------------------------------------
http://www.customizegoogle.com/customizegoogle-0.60.en-US.xpi  --  2007-06-29 11:18:53
-------------------------------------------------------------------------------


     Install completed successfully  --  2007-06-29 11:18:53

-------------------------------------------------------------------------------
https://addons.mozilla.org/en-US/firefox/downloads/file/16296/cutemenus_-_crystal_svg-1.9.1-fx+tb+sb+nvu+ns+sm+fl.xpi  --  2007-06-29 11:19:09
-------------------------------------------------------------------------------


     Install completed successfully  --  2007-06-29 11:19:09

-------------------------------------------------------------------------------
https://addons.mozilla.org/en-US/firefox/downloads/file/15464/searchbar_autosizer-1.3.7-fx.xpi  --  2007-06-29 11:19:39
-------------------------------------------------------------------------------


     Install completed successfully  --  2007-06-29 11:19:39

-------------------------------------------------------------------------------
https://addons.mozilla.org/en-US/firefox/downloads/file/6392/viamatic_foxpose-0.6-fx+fl.xpi  --  2007-06-29 11:22:16
-------------------------------------------------------------------------------


     Install completed successfully  --  2007-06-29 11:22:17

-------------------------------------------------------------------------------
https://addons.mozilla.org/en-US/firefox/downloads/file/14890/del.icio.us_bookmarks-1.5.29-fx.xpi  --  2007-06-29 11:30:14
-------------------------------------------------------------------------------


     Install completed successfully  --  2007-06-29 11:30:14

-------------------------------------------------------------------------------
https://addons.mozilla.org/en-US/firefox/downloads/file/13141/sessionpage-0.2.0-fx.xpi  --  2007-06-29 13:09:12
-------------------------------------------------------------------------------


     Install completed successfully  --  2007-06-29 13:09:13

-------------------------------------------------------------------------------
https://addons.mozilla.org/en-US/firefox/downloads/file/7527/tab_history-1.0.4-fx.xpi  --  2007-06-29 13:09:38
-------------------------------------------------------------------------------


     Install completed successfully  --  2007-06-29 13:09:38

-------------------------------------------------------------------------------
https://addons.mozilla.org/en-US/firefox/downloads/file/16038/session_manager-0.5.3.4-fx.xpi  --  2007-06-29 13:11:23
-------------------------------------------------------------------------------


     Install completed successfully  --  2007-06-29 13:11:24

-------------------------------------------------------------------------------
http://releases.mozilla.org/pub/mozilla.org/addons/748/greasemonkey-0.7.20070607.0-fx.xpi  --  2007-06-29 14:36:38
-------------------------------------------------------------------------------


     Install completed successfully  --  2007-06-29 14:36:38

